{
  "RSpec": {
    "coverage": {
      "/home/milan/workspace/weatheroo/spec/controllers/sessions_controller_spec.rb": [
        1,
        null,
        1,
        1,
        1,
        null,
        null,
        null,
        null,
        null,
        null,
        null,
        null,
        null
      ],
      "/home/milan/workspace/weatheroo/spec/rails_helper.rb": [
        null,
        1,
        1,
        1,
        null,
        1,
        1,
        null,
        null,
        null,
        null,
        null,
        null,
        null,
        null,
        null,
        null,
        null,
        null,
        null,
        null,
        null,
        2,
        null,
        null,
        null,
        1,
        1,
        null,
        0,
        0,
        null,
        1,
        null,
        1,
        null,
        null,
        null,
        null,
        1,
        null,
        null,
        null,
        null,
        null,
        null,
        null,
        null,
        null,
        null,
        null,
        null,
        null,
        null,
        1,
        null,
        null,
        1,
        null,
        null,
        null
      ],
      "/home/milan/workspace/weatheroo/config/environment.rb": [
        null,
        1,
        null,
        null,
        1
      ],
      "/home/milan/workspace/weatheroo/config/application.rb": [
        1,
        null,
        1,
        null,
        null,
        null,
        1,
        null,
        1,
        1,
        null,
        1,
        null,
        null,
        null,
        null,
        null,
        null,
        null
      ],
      "/home/milan/workspace/weatheroo/config/boot.rb": [
        1,
        null,
        1,
        1
      ],
      "/home/milan/workspace/weatheroo/config/environments/test.rb": [
        1,
        null,
        null,
        null,
        null,
        null,
        null,
        1,
        null,
        null,
        null,
        null,
        1,
        null,
        null,
        1,
        1,
        null,
        null,
        null,
        null,
        1,
        1,
        null,
        null,
        1,
        null,
        null,
        1,
        null,
        null,
        1,
        null,
        1,
        null,
        null,
        null,
        null,
        1,
        null,
        null,
        1,
        null,
        null,
        null,
        null
      ],
      "/home/milan/workspace/weatheroo/config/initializers/application_controller_renderer.rb": [
        null,
        null,
        null,
        null,
        null,
        null,
        null,
        null
      ],
      "/home/milan/workspace/weatheroo/config/initializers/assets.rb": [
        null,
        null,
        null,
        1,
        null,
        null,
        null,
        null,
        1,
        null,
        null,
        null,
        null,
        null
      ],
      "/home/milan/workspace/weatheroo/config/initializers/backtrace_silencers.rb": [
        null,
        null,
        null,
        null,
        null,
        null,
        null
      ],
      "/home/milan/workspace/weatheroo/config/initializers/content_security_policy.rb": [
        null,
        null,
        null,
        null,
        null,
        null,
        null,
        null,
        null,
        null,
        null,
        null,
        null,
        null,
        null,
        null,
        null,
        null,
        null,
        null,
        null,
        null,
        null,
        null,
        null
      ],
      "/home/milan/workspace/weatheroo/config/initializers/cookies_serializer.rb": [
        null,
        null,
        null,
        null,
        1
      ],
      "/home/milan/workspace/weatheroo/config/initializers/filter_parameter_logging.rb": [
        null,
        null,
        null,
        1
      ],
      "/home/milan/workspace/weatheroo/config/initializers/inflections.rb": [
        null,
        null,
        null,
        null,
        null,
        null,
        null,
        null,
        null,
        null,
        null,
        null,
        null,
        null,
        null,
        null
      ],
      "/home/milan/workspace/weatheroo/config/initializers/mime_types.rb": [
        null,
        null,
        null,
        null
      ],
      "/home/milan/workspace/weatheroo/config/initializers/wrap_parameters.rb": [
        null,
        null,
        null,
        null,
        null,
        null,
        1,
        2,
        null,
        null,
        null,
        null,
        null,
        null
      ],
      "/home/milan/workspace/weatheroo/spec/factories/user.rb": [
        1,
        1,
        5,
        5,
        null,
        null
      ],
      "/home/milan/workspace/weatheroo/config/routes.rb": [
        1,
        1,
        1,
        1,
        null,
        1,
        null,
        1,
        1,
        null
      ],
      "/home/milan/workspace/weatheroo/app/helpers/application_helper.rb": [
        1,
        null
      ],
      "/home/milan/workspace/weatheroo/app/helpers/forecast_helper.rb": [
        1,
        null
      ],
      "/home/milan/workspace/weatheroo/app/helpers/session_helper.rb": [
        1,
        null
      ],
      "/home/milan/workspace/weatheroo/app/helpers/users_helper.rb": [
        1,
        null
      ],
      "/home/milan/workspace/weatheroo/spec/support/factory_bot.rb": [
        1,
        1,
        null
      ],
      "/home/milan/workspace/weatheroo/app/controllers/sessions_controller.rb": [
        1,
        1,
        null,
        null,
        1,
        3,
        3,
        2,
        2,
        null,
        1,
        1,
        null,
        null,
        null,
        1,
        1,
        1,
        null,
        null
      ],
      "/home/milan/workspace/weatheroo/app/controllers/application_controller.rb": [
        1,
        null,
        1,
        null,
        1,
        23,
        null,
        null,
        1,
        0,
        null,
        null,
        1,
        0,
        null,
        null,
        1,
        null
      ],
      "/home/milan/workspace/weatheroo/spec/integration/authentication_spec.rb": [
        1,
        1,
        1,
        1,
        1,
        1,
        1,
        1,
        1,
        null,
        1,
        1,
        1,
        null,
        null,
        1,
        1,
        1,
        1,
        1,
        1,
        1,
        1,
        null,
        1,
        1,
        1,
        null,
        null,
        1,
        1,
        1,
        1,
        1,
        1,
        null,
        1,
        1,
        1,
        1,
        null,
        null,
        null,
        1,
        1,
        null,
        1,
        1,
        1,
        1,
        1,
        null,
        1,
        1,
        1,
        null,
        1,
        1,
        1,
        null,
        null,
        1,
        1,
        1,
        1,
        1,
        1,
        null,
        1,
        1,
        null,
        null,
        null
      ],
      "/home/milan/workspace/weatheroo/app/controllers/users_controller.rb": [
        1,
        1,
        2,
        null,
        null,
        1,
        2,
        2,
        1,
        1,
        null,
        1,
        null,
        null,
        null,
        1,
        1,
        1,
        1,
        1,
        null,
        null,
        1,
        null,
        1,
        2,
        null,
        null
      ],
      "/home/milan/workspace/weatheroo/app/models/user.rb": [
        1,
        1,
        null,
        1,
        null
      ],
      "/home/milan/workspace/weatheroo/app/models/application_record.rb": [
        1,
        1,
        null
      ],
      "/home/milan/workspace/weatheroo/app/controllers/forecast_controller.rb": [
        1,
        1,
        null,
        null
      ],
      "/home/milan/workspace/weatheroo/app/services/authentication.rb": [
        1,
        1,
        3,
        null,
        null,
        1,
        5,
        5,
        null,
        null,
        1,
        3,
        null,
        null
      ]
    },
    "timestamp": 1559386239
  }
}
